

   sde =     1.32000000; rho =     0.65442341;  muE =     1.34291214;
   lamD=    21.04284098; nd0 =     0.02258301;  f_T =     0.00000000;  f_0 =     0.00000000; f_1  =     0.00000000;
   xiL =     1.11254415; xiH =     1.11254415; rhoH =     0.50000000; rhoL =     0.50000000;

   Note: Here f_0 and f_1 are normalized costs 

    ---------------------------------------------------
    ---------- 5 Parameters f0, f1, muE, nd0, lamD ----
    ---------- selected to match ----------------------
    ---------------------------------------------------
    Entrants' labor share            (1.5%)                1.632
    Shutdown plants' labor share     (2.3%)                2.304
    Exporter Export Intensity: xi    (13.3%)               8.110
    Stopper rate: n1                 (17.0%)               0.000
    Exporter rate: nx                (22.3%)             100.000
    Entrants' 5-year exit rate       (37.0%)              23.827

    f_T for Prob(Entrant in produciton)(80%)               6.196

    AND the DISTRIBUTIONS BELOW


    ------------ Establishments ------------
          Employee(bin)         Model                Data
          5.00000000          0.34842176          0.34804482
         10.00000000          0.15135336          0.17806380
         20.00000000          0.15100622          0.15314953
         50.00000000          0.16600366          0.15272086
        100.00000000          0.09522436          0.07560014
        250.00000000          0.05700899          0.05877944
        500.00000000          0.01879060          0.02102116
       1000.00000000          0.00798737          0.00844944
       2500.00000000          0.00337951          0.00324875
          1.00000000          0.00082416          0.00092205

    RMSE           1.13493450

    ------------ Employment ------------
          Employee(bin)         Model                Data
          5.00000000          0.01694209          0.01333404
         10.00000000          0.02450265          0.02597778
         20.00000000          0.04739112          0.04617354
         50.00000000          0.11318366          0.10438312
        100.00000000          0.14771266          0.11611236
        250.00000000          0.20029330          0.19795741
        500.00000000          0.14469595          0.15876359
       1000.00000000          0.11927015          0.12521019
       2500.00000000          0.10582425          0.10563983
          1.00000000          0.08018417          0.10644813

    RMSE           1.42167975

    ------------ Export Participation rate ------------
          Employee(bin)         Model                Data
        100.00000000          1.00000000          0.19745000
        250.00000000          1.00000000          0.40441900
        500.00000000          1.00000000          0.53576900
       1000.00000000          1.00000000          0.61953400
       2500.00000000          1.00000000          0.72659500
          1.00000000          1.00000000          0.79239800

    RMSE          49.61379030


    ------------ Establishment+Employment ------------
    RMSE           1.28632220

          sde                 RMSE  
          1.32000000          1.28632220


 @========================================================================@
 @=============================  Initial SS ==============================@
 @========================================================================@


    -2.61731511
     1.95757731
    -2.02138292
    -1.72766937
    -2.12056830


    beta     0.96000000  sigma     2.00000000 gamma     3.79912371  theta     5.00000000
    alpm     0.81008870 alpha     0.13247214  delta     0.10000000
    f_T     0.00000000  f_0     0.00000000   f_1     0.00000000   f_E     7.08214843
    xiL     1.11254415   xiH     1.11254415   rhoH     0.50000000   rhoL     0.50000000  ta     1.10000000  thA    12.54751853
    sde     1.32000000   rho     0.65442341   lamD    21.04284098   muE     1.34291214  nd0     0.02258301


     tariff_rate    xiH            xiL             C              L              TR             LP             n_0            n_1            n_x              NT           N_TE          IntX           Tradable_V     Effective_V    K              Y               W             OP             PP             z0             zH             zL             lambda         IMD
     1.10000000     1.11254415     1.11254415     0.17769808     1.00000000     0.22526387     0.56453667     1.00000000     1.00000000     1.00000000     1.00000000     0.06148746     4.51667194     2.00000000     4.51667194     0.07299859     0.18499794     0.11996343     1.00000000     0.00000000     1.00000000     1.00000000     1.00000000     0.91150348     0.09708852


  Stats
theta     5.00000000
alpha     0.13247214
alphax     0.81008870
theta*kappaE    35.41074217
100*kappH/kappaE     0.00000000
xiH     1.11254415
xiL     1.11254415
rhoxi     0.50000000
eta     1.00000000
kappaR/kappaL              .

 Payments of fixed costs relative to plant creation
     0.00000000

 Payments of fixed costs relative to export profits
     0.00000000

Starter ratio
startX/aveX              .              .              .              .              .              .              .              .              .              .              .              .              .              .              .              .              .              .              .              .              .              .              .              .              .              .              .              .              .              .              .              .              .              .              .              .              .              .              .              .              .              .              .              .              .              .              .              .              .              .              .              .              .              .              .              .              .              .              .              .              .              .              .              .              .              .              .              .              .              .              .              .              .              .              .              .              .              .              .              .              .              .              .              .              .              .              .              .              .              .              .              .              .              .              .              .              .              .              .              .              .              .              .              .              .              .              .              .              .              .              .              .              .              .              .              .              .              .              .              .              .              .              .              .              .              .              .              .              .              .              .              .              .              .              .              .              .              .              .              .              .              .              .              .              .              .              .              .              .              .              .              .              .              .              .              .              .              .              .              .              .              .              .              .              .              .              .              .              .              .              .              .              .              .              .              .              .              .              .              .              .              .              .              .              .              .              .              .              .              .              .              .              .              .              .              .              .              .              .              .

Starter Export Share
startX/aveX              .              .              .              .              .              .              .              .              .              .              .              .              .              .              .              .              .              .              .              .              .              .              .              .              .              .              .              .              .              .              .              .              .              .              .              .              .              .              .              .              .              .              .              .              .              .              .              .              .              .              .              .              .              .              .              .              .              .              .              .              .              .              .              .              .              .              .              .              .              .              .              .              .              .              .              .              .              .              .              .              .              .              .              .              .              .              .              .              .              .              .              .              .              .              .              .              .              .              .              .              .              .              .              .              .              .              .              .              .              .              .              .              .              .              .              .              .              .              .              .              .              .              .              .              .              .              .              .              .              .              .              .              .              .              .              .              .              .              .              .              .              .              .              .              .              .              .              .              .              .              .              .              .              .              .              .              .              .              .              .              .              .              .              .              .              .              .              .              .              .              .              .              .              .              .              .              .              .              .              .              .              .              .              .              .              .              .              .              .              .              .              .              .              .              .              .              .              .              .              .

 Exporter Premium     0.08110387
