    Eintensityall=          0.16067760
    Eintensity0  =          0.16067760
    ratio        =          1.00000000



   sde =     1.32000000; rho =     0.65442341;  muE =     1.34291214;
   lamD=    21.04284098; nd0 =     0.02258301;  f_T =     0.00000000;  f_0 =     7.00644682; f_1  =     0.63247405;
   xiL =     1.34200000; xiH =     1.34200000; rhoH =     0.50000000; rhoL =     0.50000000;

   Note: Here f_0 and f_1 are normalized costs 

    ---------------------------------------------------
    ---------- 5 Parameters f0, f1, muE, nd0, lamD ----
    ---------- selected to match ----------------------
    ---------------------------------------------------
    Entrants' labor share            (1.5%)                1.500
    Shutdown plants' labor share     (2.3%)                2.301
    Exporter Export Intensity: xi    (13.3%)              16.068
    Stopper rate: n1                 (17.0%)               3.950
    Exporter rate: nx                (22.3%)              22.300
    Entrants' 5-year exit rate       (37.0%)              37.000

    f_T for Prob(Entrant in produciton)(80%)               6.196

    AND the DISTRIBUTIONS BELOW


    ------------ Establishments ------------
          Employee(bin)         Model                Data
          5.00000000          0.34426133          0.34804482
         10.00000000          0.17065719          0.17806380
         20.00000000          0.14802067          0.15314953
         50.00000000          0.16038277          0.15272086
        100.00000000          0.08490263          0.07560014
        250.00000000          0.05865816          0.05877944
        500.00000000          0.02060624          0.02102116
       1000.00000000          0.00802288          0.00844944
       2500.00000000          0.00370216          0.00324875
     741651.99966688          0.00078597          0.00092205

    RMSE           0.49123521

    ------------ Employment ------------
          Employee(bin)         Model                Data
          5.00000000          0.01553765          0.01333404
         10.00000000          0.02702389          0.02597778
         20.00000000          0.04718883          0.04617354
         50.00000000          0.11076005          0.10438312
        100.00000000          0.12879420          0.11611236
        250.00000000          0.19492621          0.19795741
        500.00000000          0.15387378          0.15876359
       1000.00000000          0.11948610          0.12521019
       2500.00000000          0.11881893          0.10563983
     741651.99966688          0.08359036          0.10644813

    RMSE           0.98514242

    ------------ Export Participation rate ------------
          Employee(bin)         Model                Data
        100.00000000          0.19772600          0.19745000
        250.00000000          0.41556332          0.40441900
        500.00000000          0.49662154          0.53576900
       1000.00000000          0.65820221          0.61953400
       2500.00000000          0.77199623          0.72659500
     741651.99966688          0.85220179          0.79239800

    RMSE           3.82748637


    ------------ Establishment+Employment ------------
    RMSE           0.77840145

          sde                 RMSE  
          1.32000000          0.77840145


 @========================================================================@
 @=============================  Initial SS ==============================@
 @========================================================================@


    -2.54335488
     1.87806862
    -2.02138292
    -1.65374684
    -2.02878780



  check z0,zL,zH  (with normalization)          3.11687864    -1.99788189    -1.99788189
  check z0,zL,zH (without normalization)        3.11687864    -1.99788189    -1.99788189



    beta     0.96000000  sigma     2.00000000 gamma     3.59198828  theta     5.00000000
    alpm     0.81008313 alpha     0.13247214  delta     0.10000000
    f_T     0.00000000  f_0     1.19956675   f_1     0.10828525   f_E     6.54085979
    xiL     1.34200000   xiH     1.34200000   rhoH     0.50000000   rhoL     0.50000000  ta     1.10000000
    sde     1.32000000   rho     0.65442341   lamD    21.04284098   muE     1.34291214  nd0     0.02258301


     tariff_rate    xiH            xiL             C              L              TR             LP             n_0            n_1            n_x              NT           N_TE          IntX           Tradable_V     Effective_V    K              Y               W             OP             PP             z0             zH             zL             lambda         IMD
     1.10000000     1.34200000     1.34200000     0.19133167     1.00000000     0.22507281     0.55456557     0.02291858     0.03950081     0.22299784     1.00000000     0.06148746     2.08047715     1.22299784     4.51667194     0.07860226     0.19919190     0.13149482     3.54522417     0.95580490     3.11687864    -1.99788189    -1.99788189     0.91157854     0.09699818

     0.11065081     0.05207849     0.09413124
     0.08842146     0.00978391     0.00409629     0.08373520
TOTAL EXPORT costs/Entry Costs     0.10754754
Investing in lowering cost as share of export profits     0.43949717
Investing in maintaining cost as share of export profits     0.14182683
To export costs relative to export profits     0.58132399
Labor Income Share     0.66014142
Tariff Revenue     0.02250728
Corporate Profits     0.31735130
Markup     0.09413124

  Stats
theta     5.00000000
alpha     0.13247214
alphax     0.81008313
theta*kappaE    32.70429895
100*kappH/kappaE    18.33958826
xiH     1.34200000
xiL     1.34200000
rhoxi     0.50000000
eta     1.00000000
kappaR/kappaL    11.07784077

 Payments of fixed costs relative to plant creation
     0.10754754

 Payments of fixed costs relative to export profits
     0.58132399

Starter ratio
startX/aveX     3.09515967

Starter Export Share
startX/aveX     0.23018378

 Exporter Premium Exporter/all average     2.26159134

Aveage xi
     1.34200000

    % of 5y ago exporters        (33.9%)    65.63002600
    5y ago exporters' export share(13.7%)    43.50869937
    % of 5y ago non-exporters        (57.2%)    32.79980602
    5y ago nonexporters' export share(38.4%)    54.03904239
