nxnews          1.00000000          5.00000000          8.00000000
          0.19559155          0.51903211          0.52837467
EXnews          1.00000000          5.00000000          8.00000000
          0.04903831          0.38155011          0.47413404
nxolds          1.00000000          5.00000000          8.00000000
          0.80440845          0.41526354          0.31092782
EXolds          1.00000000          5.00000000          8.00000000
          0.95096169          0.58695329          0.42490601




   sde =     1.32000000; rho =     0.65442341;  muE =     1.34291214;
   lamD=    21.04284098; nd0 =     0.02258301;  f_0 =     1.04642919; f_1  =     1.17966101; f_R  =     1.04642919;
   xiH =     2.19764791; xiL =     1.00000000; rhoH =     0.91571120; rhoL =     0.91571120;  nxp =     1.00000000; cxp  =     1.00000000;

   Note: Here f_0 and f_1 are normalized costs 

    ---------------------------------------------------
    ---------- 5 Parameters f0, f1, muE, nd0, lamD ----
    ---------- selected to match ----------------------
    ---------------------------------------------------
    Entrants' labor share            (1.5%)                1.502
    Shutdown plants' labor share     (2.3%)                2.301
    Exporter Export Intensity: xi    (13.3%)              12.972
    Stopper rate: n1                 (17.0%)              17.015
    Exporter rate: nx                (22.3%)              22.616
    Entrants' 5-year exit rate       (37.0%)              37.000
    Output Premium                   (2.845)               2.709
    Average Export Intensity         (13.1%)              12.972
    Export Share in Total            ( 8.3%)               7.948
    % of new exporters               (13.7%)              19.559
    New exporters' export share      (2.7%)                4.904
    % of 5y ago exporters            (33.9%)              41.526
    5y ago exporters' export share   (13.7%)              58.695

    BALANCED DATA 
    % of new exporters               (16.4%)              19.559
    New exporters' export share      (3.3%)                4.904
    % of 5y ago non-exporters        (57.2%)              52.837
    5y ago nonexporters' export share(38.4%)              39.396


    AND the DISTRIBUTIONS BELOW


    ------------ Establishments ------------
          Employee(bin)         Model                Data
          5.00000000          0.34290737          0.34804482
         10.00000000          0.17089876          0.17806380
         20.00000000          0.15284346          0.15314953
         50.00000000          0.16005277          0.15272086
        100.00000000          0.08031207          0.07560014
        250.00000000          0.05932149          0.05877944
        500.00000000          0.02056517          0.02102116
       1000.00000000          0.00907869          0.00844944
       2500.00000000          0.00321614          0.00324875
    1010703.75363025          0.00080408          0.00092205

    RMSE           0.39331493

    ------------ Employment ------------
          Employee(bin)         Model                Data
          5.00000000          0.01540753          0.01333404
         10.00000000          0.02697562          0.02597778
         20.00000000          0.04918603          0.04617354
         50.00000000          0.11324518          0.10438312
        100.00000000          0.12310129          0.11611236
        250.00000000          0.19543202          0.19795741
        500.00000000          0.15069974          0.15876359
       1000.00000000          0.13563193          0.12521019
       2500.00000000          0.10650210          0.10563983
    1010703.75363025          0.08381857          0.10644813

    RMSE           0.91356875

    ------------ Export Participation rate ------------
          Employee(bin)         Model                Data
        100.00000000          0.18508573          0.19745000
        250.00000000          0.56008881          0.40441900
        500.00000000          0.67483130          0.53576900
       1000.00000000          0.83540606          0.61953400
       2500.00000000          0.88031166          0.72659500
    1010703.75363025          0.94864313          0.79239800

    RMSE          15.18586989


    ------------ Establishment+Employment ------------
    RMSE           0.70331519

          sde                 RMSE  
          1.32000000          0.70331519


 @========================================================================@
 @=============================  Initial SS ==============================@
 @========================================================================@


    -2.54598706
     1.87134081
    -2.02138292
    -1.65722306
    -2.03144660



  check z0,zL,zH,zRH  (with normalization)          2.14808216    -3.29234312     0.47491694     2.14808216
  check z0,zL,zH,zRH (without normalization)        2.14808216    -3.29234312     0.47491694     2.14808216



    beta     0.96000000  sigma     2.00000000 gamma     0.74724484  theta     5.00000000
    alpm     0.80995837 alpha     0.13247214  delta     0.10000000
    f_T     0.00000000  f_0     0.17934774   f_1     0.20218237   f_R     0.17934774   f_E     6.49700178
    xiL     1.00000000   xiH     2.19764791   rhoH     0.91571120   rhoL     0.91571120  ta     1.10000000
    sde     1.32000000   rho     0.65442341   lamD    21.04284098   muE     1.34291214  nd0     0.02258301


     tariff_rate    xiH        xiL         C        L        TR       LP    n_0      n_1       n_x              NT           N_TE          IntT  Int0  IntH IntL  IntX             NoV           K              Y               W           S     OP             PP             z0             zH             zL             zRH            eei    lambda         IMD
     1.10000000     2.19764791     1.00000000     0.19066772     1.00000000     0.22079456     0.55458034     0.06149752     0.17015354     0.22615714     1.00000000     0.06148746     4.51667194     1.90023347     2.07741544     0.53902302     2.61643846     1.22615714     0.07839563     0.19850728     0.13114567     1.00794820     2.70928382     1.50081296     2.14808216     0.47491694    -3.29234312     2.14808216     0.12971905     0.91325928     0.09497929



  Stats
theta     5.00000000
alpha     0.13247214
alphax     0.80995837
theta*kappaE    32.48500888
100*kappH/kappaE     2.76046931
xiH     2.19764791
xiL     1.00000000
rhoxi     0.91571120
eta     1.00000000
kappaR/kappaL     0.88705923

 Payments of fixed costs relative to plant creation
     0.11498706

 Payments of fixed costs relative to export profits
     0.62972829

Starter ratio
startX/aveX     0.25071794

Starter Export Share
startX/aveX     0.04903831

 Exporter Premium Exporter/all average     2.75113408

Aveage xi
     1.42864089

    % of 5y ago exporters        (33.9%)    41.52635385
    5y ago exporters' export share(13.7%)    58.69532921
    % of 5y ago non-exporters        (57.2%)    55.55330468
    5y ago nonexporters' export share(38.4%)    39.39584624
