    Eintensityall=          0.13090364
    Eintensity0  =          0.13090364
    ratio        =          1.00000000



   sde =     1.32000000; rho =     0.65442341;  muE =     1.34291214;
   lamD=    21.04284098; nd0 =     0.02258301;  f_T =     0.00000000;  f_0 =     2.24579527; f_1  =     0.59066690;
   xiL =     1.42491250; xiH =     1.42491250; rhoH =     0.50000000; rhoL =     0.50000000;

   Note: Here f_0 and f_1 are normalized costs 

    ---------------------------------------------------
    ---------- 5 Parameters f0, f1, muE, nd0, lamD ----
    ---------- selected to match ----------------------
    ---------------------------------------------------
    Entrants' labor share            (1.5%)                1.500
    Shutdown plants' labor share     (2.3%)                2.300
    Exporter Export Intensity: xi    (13.3%)              13.090
    Stopper rate: n1                 (17.0%)              17.001
    Exporter rate: nx                (22.3%)              22.301
    Entrants' 5-year exit rate       (37.0%)              37.000

    f_T for Prob(Entrant in produciton)(80%)              24.294

    AND the DISTRIBUTIONS BELOW


    ------------ Establishments ------------
          Employee(bin)         Model                Data
          5.00000000          0.34561505          0.34804482
         10.00000000          0.17069034          0.17806380
         20.00000000          0.15196143          0.15314953
         50.00000000          0.15881721          0.15272086
        100.00000000          0.07976753          0.07560014
        250.00000000          0.05919634          0.05877944
        500.00000000          0.02066770          0.02102116
       1000.00000000          0.00920787          0.00844944
       2500.00000000          0.00326730          0.00324875
     716190.27227950          0.00080922          0.00092205

    RMSE           0.34220292

    ------------ Employment ------------
          Employee(bin)         Model                Data
          5.00000000          0.01545234          0.01333404
         10.00000000          0.02688115          0.02597778
         20.00000000          0.04880030          0.04617354
         50.00000000          0.11216023          0.10438312
        100.00000000          0.12207460          0.11611236
        250.00000000          0.19480008          0.19795741
        500.00000000          0.15119768          0.15876359
       1000.00000000          0.13728261          0.12521019
       2500.00000000          0.10794895          0.10563983
     716190.27227950          0.08340207          0.10644813

    RMSE           0.92609016

    ------------ Export Participation rate ------------
          Employee(bin)         Model                Data
        100.00000000          0.18062192          0.19745000
        250.00000000          0.56909684          0.40441900
        500.00000000          0.68352008          0.53576900
       1000.00000000          0.84090111          0.61953400
       2500.00000000          0.88415685          0.72659500
     716190.27227950          0.94960908          0.79239800

    RMSE          15.69377869


    ------------ Establishment+Employment ------------
    RMSE           0.69812099

          sde                 RMSE  
          1.32000000          0.69812099


 @========================================================================@
 @=============================  Initial SS ==============================@
 @========================================================================@


    -2.54063341
     1.89348328
    -2.02138292
    -1.65098780
    -2.02866926



  check z0,zL,zH  (with normalization)          2.15723181    -0.17300355    -0.17300355
  check z0,zL,zH (without normalization)        2.15723181    -0.17300355    -0.17300355



    beta     0.96000000  sigma     2.00000000 gamma     3.57264541  theta     5.00000000
    alpm     0.81008868 alpha     0.13247214  delta     0.10000000
    f_T     0.00000000  f_0     0.38548478   f_1     0.10138640   f_E     6.64246601
    xiL     1.42491250   xiH     1.42491250   rhoH     0.50000000   rhoL     0.50000000  ta     1.10000000
    sde     1.32000000   rho     0.65442341   lamD    21.04284098   muE     1.34291214  nd0     0.02258301


     tariff_rate    xiH            xiL             C              L              TR             LP             n_0            n_1            n_x              NT           N_TE          IntX           Tradable_V     Effective_V    K              Y               W             OP             PP             z0             zH             zL             lambda         IMD
     1.10000000     1.42491250     1.42491250     0.19186030     1.00000000     0.22526320     0.55601095     0.05927471     0.17001056     0.22301267     1.00000000     0.06148746     2.64672323     1.22301267     4.51667194     0.07881646     0.19974194     0.13151041     5.67407810     1.63733638     2.15723181    -0.17300355    -0.17300355     0.91150374     0.09708820



  Stats
theta     5.00000000
alpha     0.13247214
alphax     0.81008868
theta*kappaE    33.21233004
100*kappH/kappaE     5.80333835
xiH     1.42491250
xiL     1.42491250
rhoxi     0.50000000
eta     1.00000000
kappaR/kappaL     3.80213494

 Payments of fixed costs relative to plant creation
     0.08706711

 Payments of fixed costs relative to export profits
     0.47627307

Starter ratio
startX/aveX     1.37519600

Starter Export Share
startX/aveX     0.26365803

 Exporter Premium Exporter/all average     2.77817151

Aveage xi
     1.42491250

    % of 5y ago exporters        (33.9%)    34.01818008
    5y ago exporters' export share(13.7%)    29.79016210
    % of 5y ago non-exporters        (57.2%)    63.39617191
    5y ago nonexporters' export share(38.4%)    67.48916818
