nxnews          1.00000000          5.00000000          8.00000000
          0.19573412          0.47067556          0.51779706
EXnews          1.00000000          5.00000000          8.00000000
          0.12375158          0.43117028          0.49370714
nxolds          1.00000000          5.00000000          8.00000000
          0.80426588          0.48131101          0.35218553
EXolds          1.00000000          5.00000000          8.00000000
          0.87624842          0.52737688          0.38958491




   sde =     1.32000000; rho =     0.65442341;  muE =     1.34291214;
   lamD=    21.04284098; nd0 =     0.02258301;  f_0 =     2.24384462; f_1  =     1.00694790; f_R  =     0.67129860;
   xiH =     1.70474034; xiL =     1.06186645; rhoH =     0.91571120; rhoL =     0.91571120;  nxp =     1.00000000; cxp  =     1.00000000;

   Note: Here f_0 and f_1 are normalized costs 

    ---------------------------------------------------
    ---------- 5 Parameters f0, f1, muE, nd0, lamD ----
    ---------- selected to match ----------------------
    ---------------------------------------------------
    Entrants' labor share            (1.5%)                1.500
    Shutdown plants' labor share     (2.3%)                2.301
    Exporter Export Intensity: xi    (13.3%)              13.827
    Stopper rate: n1                 (17.0%)              17.000
    Exporter rate: nx                (22.3%)              22.256
    Entrants' 5-year exit rate       (37.0%)              37.000
    Output Premium                   (2.845)               2.635
    Average Export Intensity         (13.1%)              13.827
    Export Share in Total            ( 8.3%)               8.110
    % of new exporters               (13.7%)              19.573
    New exporters' export share      (2.7%)               12.375
    % of 5y ago exporters            (33.9%)              48.131
    5y ago exporters' export share   (13.7%)              52.738

    BALANCED DATA 
    % of new exporters               (16.4%)              19.573
    New exporters' export share      (3.3%)               12.375
    % of 5y ago non-exporters        (57.2%)              51.780
    5y ago nonexporters' export share(38.4%)              44.982


    AND the DISTRIBUTIONS BELOW


    ------------ Establishments ------------
          Employee(bin)         Model                Data
          5.00000000          0.34424343          0.34804482
         10.00000000          0.17120893          0.17806380
         20.00000000          0.14734912          0.15314953
         50.00000000          0.16148844          0.15272086
        100.00000000          0.08418894          0.07560014
        250.00000000          0.05868974          0.05877944
        500.00000000          0.02027422          0.02102116
       1000.00000000          0.00809353          0.00844944
       2500.00000000          0.00359237          0.00324875
     926428.64694505          0.00087127          0.00092205

    RMSE           0.49652365

    ------------ Employment ------------
          Employee(bin)         Model                Data
          5.00000000          0.01550019          0.01333404
         10.00000000          0.02710950          0.02597778
         20.00000000          0.04703193          0.04617354
         50.00000000          0.11223231          0.10438312
        100.00000000          0.12894801          0.11611236
        250.00000000          0.19688300          0.19795741
        500.00000000          0.15216251          0.15876359
       1000.00000000          0.12029728          0.12521019
       2500.00000000          0.11276743          0.10563983
     926428.64694505          0.08706784          0.10644813

    RMSE           0.85342667

    ------------ Export Participation rate ------------
          Employee(bin)         Model                Data
        100.00000000          0.18621446          0.19745000
        250.00000000          0.52028269          0.40441900
        500.00000000          0.62418666          0.53576900
       1000.00000000          0.77720298          0.61953400
       2500.00000000          0.86248734          0.72659500
     926428.64694505          0.93374456          0.79239800

    RMSE          11.87949212


    ------------ Establishment+Employment ------------
    RMSE           0.69816646

          sde                 RMSE  
          1.32000000          0.69816646


 @========================================================================@
 @=============================  Initial SS ==============================@
 @========================================================================@


    -2.54352196
     1.87382386
    -2.02138292
    -1.65387890
    -2.02867736



  check z0,zL,zH,zRH  (with normalization)          2.48678144    -3.11071546     0.33628901     0.08021945
  check z0,zL,zH,zRH (without normalization)        2.48678144    -3.11071546     0.33628901     0.08021945



    beta     0.96000000  sigma     2.00000000 gamma     3.59333391  theta     5.00000000
    alpm     0.81008831 alpha     0.13247214  delta     0.10000000
    f_T     0.00000000  f_0     0.38404336   f_1     0.17234333   f_R     0.11489555   f_E     6.51315426
    xiL     1.06186645   xiH     1.70474034   rhoH     0.91571120   rhoL     0.91571120  ta     1.10000000
    sde     1.32000000   rho     0.65442341   lamD    21.04284098   muE     1.34291214  nd0     0.02258301


     tariff_rate    xiH        xiL         C        L        TR       LP    n_0      n_1       n_x              NT           N_TE          IntT  Int0  IntH IntL  IntX             NoV           K              Y               W           S     OP             PP             z0             zH             zL             zRH            eei    lambda         IMD
     1.10000000     1.70474034     1.06186645     0.19130641     1.00000000     0.22525019     0.55441170     0.06026633     0.17000117     0.22256430     1.00000000     0.06148746     4.51667194     2.03244896     1.96359838     0.52062459     2.48422297     1.22256430     0.07858912     0.19916532     0.13150935     1.00810989     2.63521771     1.40688663     2.48678144     0.33628901    -3.11071546     0.08021945     0.13827479     0.91150885     0.09708205



  Stats
theta     5.00000000
alpha     0.13247214
alphax     0.81008831
theta*kappaE    32.56577129
100*kappH/kappaE     5.89642654
xiH     1.70474034
xiL     1.06186645
rhoxi     0.91571120
eta     1.00000000
kappaR/kappaL     0.66666667

 Payments of fixed costs relative to plant creation
     0.11264302

 Payments of fixed costs relative to export profits
     0.60596161

Starter ratio
startX/aveX     0.63224323

Starter Export Share
startX/aveX     0.12375158

 Exporter Premium Exporter/all average     2.67133383

Aveage xi
     1.40254107

    % of 5y ago exporters        (33.9%)    48.13110074
    5y ago exporters' export share(13.7%)    52.73768833
    % of 5y ago non-exporters        (57.2%)    49.44140762
    5y ago nonexporters' export share(38.4%)    44.98164471
