nxnews          1.00000000          5.00000000          8.00000000
          0.19572968          0.50531375          0.52864021
EXnews          1.00000000          5.00000000          8.00000000
          0.10204058          0.42118516          0.49473837
nxolds          1.00000000          5.00000000          8.00000000
          0.80427032          0.43369352          0.31975506
EXolds          1.00000000          5.00000000          8.00000000
          0.89795942          0.53965691          0.39138259




   sde =     1.32000000; rho =     0.65442341;  muE =     1.34291214;
   lamD=    21.04284098; nd0 =     0.02258301;  f_0 =     0.42539423; f_1  =     1.12008423; f_R  =     1.27618269;
   xiH =     1.67194052; xiL =     1.04143575; rhoH =     0.91571120; rhoL =     0.91571120;  nxp =     0.33333333; cxp  =     1.00000000;

   Note: Here f_0 and f_1 are normalized costs 

    ---------------------------------------------------
    ---------- 5 Parameters f0, f1, muE, nd0, lamD ----
    ---------- selected to match ----------------------
    ---------------------------------------------------
    Entrants' labor share            (1.5%)                1.500
    Shutdown plants' labor share     (2.3%)                2.301
    Exporter Export Intensity: xi    (13.3%)              15.388
    Stopper rate: n1                 (17.0%)              17.000
    Exporter rate: nx                (22.3%)              22.257
    Entrants' 5-year exit rate       (37.0%)              37.000
    Output Premium                   (2.845)               2.368
    Average Export Intensity         (13.1%)              15.388
    Export Share in Total            ( 8.3%)               8.110
    % of new exporters               (13.7%)              18.440
    New exporters' export share      (2.7%)                9.723
    % of 5y ago exporters            (33.9%)              43.369
    5y ago exporters' export share   (13.7%)              53.966

    BALANCED DATA 
    % of new exporters               (16.4%)              18.440
    New exporters' export share      (3.3%)                9.723
    % of 5y ago non-exporters        (57.2%)              52.864
    5y ago nonexporters' export share(38.4%)              43.835


    AND the DISTRIBUTIONS BELOW


    ------------ Establishments ------------
          Employee(bin)         Model                Data
          5.00000000          0.34421916          0.34804482
         10.00000000          0.17095877          0.17806380
         20.00000000          0.14735740          0.15314953
         50.00000000          0.16001278          0.15272086
        100.00000000          0.08467644          0.07560014
        250.00000000          0.05999813          0.05877944
        500.00000000          0.02044991          0.02102116
       1000.00000000          0.00799060          0.00844944
       2500.00000000          0.00346008          0.00324875
     950992.65526578          0.00087674          0.00092205

    RMSE           0.48609250

    ------------ Employment ------------
          Employee(bin)         Model                Data
          5.00000000          0.01552793          0.01333404
         10.00000000          0.02712118          0.02597778
         20.00000000          0.04714488          0.04617354
         50.00000000          0.11090160          0.10438312
        100.00000000          0.12867445          0.11611236
        250.00000000          0.20041005          0.19795741
        500.00000000          0.15431516          0.15876359
       1000.00000000          0.12015327          0.12521019
       2500.00000000          0.10904842          0.10563983
     950992.65526578          0.08670305          0.10644813

    RMSE           0.81254148

    ------------ Export Participation rate ------------
          Employee(bin)         Model                Data
        100.00000000          0.19040984          0.19745000
        250.00000000          0.50071456          0.40441900
        500.00000000          0.54997311          0.53576900
       1000.00000000          0.66951771          0.61953400
       2500.00000000          0.72299366          0.72659500
     950992.65526578          0.77977770          0.79239800

    RMSE           4.50828273


    ------------ Establishment+Employment ------------
    RMSE           0.66951832

          sde                 RMSE  
          1.32000000          0.66951832


 @========================================================================@
 @=============================  Initial SS ==============================@
 @========================================================================@


    -2.54349909
     1.87411286
    -2.02138292
    -1.65385529
    -2.02867501



  check z0,zL,zH,zRH  (with normalization)          1.33409183    -3.02127445     0.25086884     1.33409181
  check z0,zL,zH,zRH (without normalization)        1.33409183    -3.02127445     0.25086884     1.33409181



    beta     0.96000000  sigma     2.00000000 gamma     0.74667373  theta     5.00000000
    alpm     0.81008842 alpha     0.13247214  delta     0.10000000
    f_T     0.00000000  f_0     0.07280942   f_1     0.19171084   f_R     0.21842827   f_E     6.51503680
    xiL     1.04143575   xiH     1.67194052   rhoH     0.91571120   rhoL     0.91571120  ta     1.10000000
    sde     1.32000000   rho     0.65442341   lamD    21.04284098   muE     1.34291214  nd0     0.02258301


     tariff_rate    xiH        xiL         C        L        TR       LP    n_0      n_1       n_x              NT           N_TE          IntT  Int0  IntH IntL  IntX             NoV           K              Y               W           S     OP             PP             z0             zH             zL             zRH            eei    lambda         IMD
     1.10000000     1.67194052     1.04143575     0.19131093     1.00000000     0.22525396     0.55442308     0.05677875     0.16999963     0.22256844     1.00000000     0.06148746     4.51667194     2.32483259     1.69122624     0.50061311     2.19183934     1.22256844     0.07859092     0.19917002     0.13150965     1.00811003     2.36790831     1.30544566     1.33409183     0.25086884    -3.02127445     1.33409181     0.15388415     0.91150737     0.09708383



  Stats
theta     5.00000000
alpha     0.13247214
alphax     0.81008842
theta*kappaE    32.57518400
100*kappH/kappaE     1.11755965
xiH     1.67194052
xiL     1.04143575
rhoxi     0.91571120
eta     1.00000000
kappaR/kappaL     1.13936314

 Payments of fixed costs relative to plant creation
     0.11229312

 Payments of fixed costs relative to export profits
     0.60423110

Starter ratio
startX/aveX     0.52133423

Starter Export Share
startX/aveX     0.10204058

 Exporter Premium Exporter/all average     2.39900277

Aveage xi
     1.35930880

    % of 5y ago exporters        (33.9%)    43.36935179
    5y ago exporters' export share(13.7%)    53.96569051
    % of 5y ago non-exporters        (57.2%)    53.81361443
    5y ago nonexporters' export share(38.4%)    43.83500412
